2026-01-16 17:07:42.307 [main] INFO  c.u.o.OrkestraV2ApiApplication - Starting OrkestraV2ApiApplication using Java 17.0.16 with PID 328 (D:\vibe\flow-forge-git-current\target\classes started by Admin in D:\vibe\flow-forge-git-current)
2026-01-16 17:07:42.314 [main] INFO  c.u.o.OrkestraV2ApiApplication - The following 1 profile is active: "local"
2026-01-16 17:07:45.474 [main] WARN  org.hibernate.orm.deprecation - HHH90000025: H2Dialect does not need to be specified explicitly using 'hibernate.dialect' (remove the property setting and it will be selected by default)
2026-01-16 17:07:46.546 [main] DEBUG org.hibernate.SQL - create table applications (id bigint generated by default as identity, application_description varchar(255) not null, application_name varchar(255) not null, created_at timestamp(6) not null, gitlab_project_id varchar(255) not null, personal_access_token varchar(255) not null, project_name varchar(255), project_url varchar(255), token_status varchar(255) not null check (token_status in ('ACTIVE','EXPIRED','INVALID')), token_validation_last_update_date timestamp(6), updated_at timestamp(6) not null, primary key (id))
2026-01-16 17:07:46.561 [main] DEBUG org.hibernate.SQL - create table flow_executions (id uuid not null, category varchar(255), created_at timestamp(6) not null, end_time timestamp(6), flow_group_id bigint, flow_id bigint not null, is_replay boolean, iteration integer, original_flow_execution_id uuid, revolutions integer, runtime_variables json, start_time timestamp(6), status varchar(255) check (status in ('PENDING','RUNNING','PASSED','FAILED','CANCELLED','SCHEDULED','IN_PROGRESS')), primary key (id))
2026-01-16 17:07:46.564 [main] DEBUG org.hibernate.SQL - create table flow_groups (id bigint generated by default as identity, created_at timestamp(6) not null, current_iteration integer not null, flow_group_name varchar(255) not null, flows json not null, revolutions integer not null, updated_at timestamp(6) not null, primary key (id))
2026-01-16 17:07:46.567 [main] DEBUG org.hibernate.SQL - create table flow_steps (id bigint generated by default as identity, application_id bigint not null, branch varchar(255) not null, created_at timestamp(6) not null, description varchar(255), timer_days varchar(255), timer_hours varchar(255), timer_minutes varchar(255), scheduler_type varchar(255), squash_step_ids json, test_data_ids json, test_stage varchar(255) not null, test_tag varchar(255) not null, updated_at timestamp(6) not null, primary key (id))
2026-01-16 17:07:46.569 [main] DEBUG org.hibernate.SQL - create table flows (id bigint generated by default as identity, created_at timestamp(6) not null, flow_step_ids json not null, squash_test_case varchar(255) not null, squash_test_case_id bigint not null, updated_at timestamp(6) not null, primary key (id))
2026-01-16 17:07:46.571 [main] DEBUG org.hibernate.SQL - create table pipeline_executions (id bigint not null, configured_test_data json, created_at timestamp(6) not null, end_time timestamp(6), flow_execution_id uuid not null, flow_id bigint not null, flow_step_id bigint not null, is_replay boolean not null, job_id bigint, job_url varchar(255), pipeline_id bigint, pipeline_url varchar(255), resume_time timestamp(6), runtime_test_data json, start_time timestamp(6), status varchar(255) check (status in ('PENDING','RUNNING','PASSED','FAILED','CANCELLED','SCHEDULED','IN_PROGRESS')), primary key (id))
2026-01-16 17:07:46.573 [main] DEBUG org.hibernate.SQL - create table test_data (data_id bigint generated by default as identity, application_id bigint, application_name varchar(255) not null, category varchar(255) not null, created_at timestamp(6) not null, description varchar(255), updated_at timestamp(6) not null, variables json not null, primary key (data_id))
2026-01-16 17:07:46.578 [main] DEBUG org.hibernate.SQL - create sequence pipeline_executions_seq start with 1 increment by 50
2026-01-16 17:07:46.580 [main] DEBUG org.hibernate.SQL - alter table if exists flow_executions add constraint FKr71stky8abwyfobvpeefjc7fv foreign key (flow_group_id) references flow_groups
2026-01-16 17:07:49.798 [main] WARN  o.s.b.a.o.j.JpaBaseConfiguration$JpaWebConfiguration - spring.jpa.open-in-view is enabled by default. Therefore, database queries may be performed during view rendering. Explicitly configure spring.jpa.open-in-view to disable this warning
2026-01-16 17:07:50.740 [main] INFO  c.u.o.OrkestraV2ApiApplication - Started OrkestraV2ApiApplication in 9.13 seconds (process running for 9.545)
2026-01-16 17:07:50.856 [scheduling-1] DEBUG org.hibernate.SQL - select pe1_0.id,pe1_0.configured_test_data,pe1_0.created_at,pe1_0.end_time,pe1_0.flow_execution_id,pe1_0.flow_id,pe1_0.flow_step_id,pe1_0.is_replay,pe1_0.job_id,pe1_0.job_url,pe1_0.pipeline_id,pe1_0.pipeline_url,pe1_0.resume_time,pe1_0.runtime_test_data,pe1_0.start_time,pe1_0.status from pipeline_executions pe1_0 where pe1_0.status=? and pe1_0.resume_time<?
2026-01-16 17:07:50.866 [scheduling-1] INFO  c.u.o.service.SchedulingService - Found 0 scheduled executions ready to resume
2026-01-16 17:08:50.743 [scheduling-1] DEBUG org.hibernate.SQL - select pe1_0.id,pe1_0.configured_test_data,pe1_0.created_at,pe1_0.end_time,pe1_0.flow_execution_id,pe1_0.flow_id,pe1_0.flow_step_id,pe1_0.is_replay,pe1_0.job_id,pe1_0.job_url,pe1_0.pipeline_id,pe1_0.pipeline_url,pe1_0.resume_time,pe1_0.runtime_test_data,pe1_0.start_time,pe1_0.status from pipeline_executions pe1_0 where pe1_0.status=? and pe1_0.resume_time<?
2026-01-16 17:08:50.744 [scheduling-1] INFO  c.u.o.service.SchedulingService - Found 0 scheduled executions ready to resume
2026-01-16 17:09:50.741 [scheduling-1] DEBUG org.hibernate.SQL - select pe1_0.id,pe1_0.configured_test_data,pe1_0.created_at,pe1_0.end_time,pe1_0.flow_execution_id,pe1_0.flow_id,pe1_0.flow_step_id,pe1_0.is_replay,pe1_0.job_id,pe1_0.job_url,pe1_0.pipeline_id,pe1_0.pipeline_url,pe1_0.resume_time,pe1_0.runtime_test_data,pe1_0.start_time,pe1_0.status from pipeline_executions pe1_0 where pe1_0.status=? and pe1_0.resume_time<?
2026-01-16 17:09:50.742 [scheduling-1] INFO  c.u.o.service.SchedulingService - Found 0 scheduled executions ready to resume
2026-01-16 17:10:21.309 [http-nio-8080-exec-1] INFO  o.s.web.servlet.DispatcherServlet - Initializing Servlet 'dispatcherServlet'
2026-01-16 17:10:21.311 [http-nio-8080-exec-1] INFO  o.s.web.servlet.DispatcherServlet - Completed initialization in 2 ms
2026-01-16 17:10:22.643 [http-nio-8080-exec-4] INFO  o.s.api.AbstractOpenApiResource - Init duration for springdoc-openapi is: 976 ms
2026-01-16 17:10:50.751 [scheduling-1] DEBUG org.hibernate.SQL - select pe1_0.id,pe1_0.configured_test_data,pe1_0.created_at,pe1_0.end_time,pe1_0.flow_execution_id,pe1_0.flow_id,pe1_0.flow_step_id,pe1_0.is_replay,pe1_0.job_id,pe1_0.job_url,pe1_0.pipeline_id,pe1_0.pipeline_url,pe1_0.resume_time,pe1_0.runtime_test_data,pe1_0.start_time,pe1_0.status from pipeline_executions pe1_0 where pe1_0.status=? and pe1_0.resume_time<?
2026-01-16 17:10:50.753 [scheduling-1] INFO  c.u.o.service.SchedulingService - Found 0 scheduled executions ready to resume
2026-01-16 17:10:56.643 [http-nio-8080-exec-6] WARN  c.u.o.e.GlobalExceptionHandler - Static resource not found: No static resource favicon.ico.
2026-01-16 17:11:23.410 [http-nio-8080-exec-10] INFO  c.u.o.c.ApplicationController - Creating new application for GitLab project: 68536844
2026-01-16 17:11:23.411 [http-nio-8080-exec-10] INFO  c.u.o.service.ApplicationService - Creating new application for GitLab project: 68536844
2026-01-16 17:11:23.415 [http-nio-8080-exec-10] DEBUG org.hibernate.SQL - select a1_0.id from applications a1_0 where a1_0.gitlab_project_id=? fetch first ? rows only
2026-01-16 17:11:23.432 [http-nio-8080-exec-10] INFO  c.u.o.service.ApplicationService - Validating GitLab connection for project: 68536844
2026-01-16 17:11:23.433 [http-nio-8080-exec-10] INFO  c.ubs.orkestra.util.GitLabApiClient - Validating GitLab connection for project 68536844 from URL: https://gitlab.com/api/v4/projects/68536844
2026-01-16 17:11:24.999 [reactor-http-nio-2] INFO  c.ubs.orkestra.util.GitLabApiClient - GitLab connection validated successfully for project: flow_forge_proj1
2026-01-16 17:11:24.999 [http-nio-8080-exec-10] INFO  c.u.o.service.ApplicationService - GitLab connection validation successful for project: flow_forge_proj1 (org_rzx / flow_forge_proj1)
2026-01-16 17:11:25.046 [http-nio-8080-exec-10] DEBUG org.hibernate.SQL - insert into applications (application_description,application_name,created_at,gitlab_project_id,personal_access_token,project_name,project_url,token_status,token_validation_last_update_date,updated_at,id) values (?,?,?,?,?,?,?,?,?,?,default)
2026-01-16 17:11:25.064 [http-nio-8080-exec-10] INFO  c.u.o.service.ApplicationService - Application created with ID: 1
2026-01-16 17:11:50.750 [scheduling-1] DEBUG org.hibernate.SQL - select pe1_0.id,pe1_0.configured_test_data,pe1_0.created_at,pe1_0.end_time,pe1_0.flow_execution_id,pe1_0.flow_id,pe1_0.flow_step_id,pe1_0.is_replay,pe1_0.job_id,pe1_0.job_url,pe1_0.pipeline_id,pe1_0.pipeline_url,pe1_0.resume_time,pe1_0.runtime_test_data,pe1_0.start_time,pe1_0.status from pipeline_executions pe1_0 where pe1_0.status=? and pe1_0.resume_time<?
2026-01-16 17:11:50.751 [scheduling-1] INFO  c.u.o.service.SchedulingService - Found 0 scheduled executions ready to resume
2026-01-16 17:12:05.492 [http-nio-8080-exec-7] INFO  c.u.o.c.ApplicationController - Updating application with ID: 1
2026-01-16 17:12:05.493 [http-nio-8080-exec-7] INFO  c.u.o.service.ApplicationService - Updating application with ID: 1
2026-01-16 17:12:05.510 [http-nio-8080-exec-7] DEBUG org.hibernate.SQL - select a1_0.id,a1_0.application_description,a1_0.application_name,a1_0.created_at,a1_0.gitlab_project_id,a1_0.personal_access_token,a1_0.project_name,a1_0.project_url,a1_0.token_status,a1_0.token_validation_last_update_date,a1_0.updated_at from applications a1_0 where a1_0.id=?
2026-01-16 17:12:05.525 [http-nio-8080-exec-7] INFO  c.u.o.service.ApplicationService - Application updated successfully with ID: 1
